<?xml version="1.0" encoding="UTF-8"?>
<testng-results skipped="0" failed="0" ignored="0" total="1" passed="1">
  <reporter-output>
  </reporter-output>
  <suite name="Default suite" duration-ms="19055" started-at="2021-09-09T17:44:18 IST" finished-at="2021-09-09T17:44:37 IST">
    <groups>
    </groups>
    <test name="Default test" duration-ms="19055" started-at="2021-09-09T17:44:18 IST" finished-at="2021-09-09T17:44:37 IST">
      <class name="POMDemo.GoogleTest">
        <test-method status="PASS" signature="GoogleTC()[pri:0, instance:POMDemo.GoogleTest@3fd7a715]" name="GoogleTC" duration-ms="18992" started-at="2021-09-09T17:44:18 IST" finished-at="2021-09-09T17:44:37 IST">
          <reporter-output>
          </reporter-output>
        </test-method> <!-- GoogleTC -->
      </class> <!-- POMDemo.GoogleTest -->
    </test> <!-- Default test -->
  </suite> <!-- Default suite -->
</testng-results>
